[Sat Apr  5 19:34:25 2025] Logger inicializado
[Sat Apr  5 19:34:39 2025] Inicio de sesión exitoso: Cuenta 7777
[Sat Apr  5 19:35:04 2025] Usuario registrado: 7777 - clau
[Sat Apr  5 19:48:32 2025] Logger inicializado
[Sat Apr  5 19:48:44 2025] Inicio de sesión exitoso: Cuenta 7777
[Sat Apr  5 19:50:44 2025] Inicio de sesión exitoso: Cuenta 8888
[Sat Apr  5 20:51:55 2025] Logger inicializado
[Sat Apr  5 20:52:50 2025] Logger inicializado
[Sat Apr  5 20:54:01 2025] Usuario registrado: 8888 - clau
[Sat Apr  5 20:54:18 2025] Inicio de sesión exitoso: Cuenta 8888
[Sat Apr  5 20:57:14 2025] Logger inicializado
[Sat Apr  5 20:58:00 2025] Inicio de sesión exitoso: Cuenta 8888
[Sat Apr  5 20:59:23 2025] Inicio de sesión exitoso: Cuenta 8888
[Sat Apr  5 20:59:57 2025] Usuario registrado: 7777 - Pepe
[Sat Apr  5 21:00:14 2025] Usuario registrado: 7777 - Pepe
[Sat Apr  5 21:00:22 2025] Inicio de sesión exitoso: Cuenta 7777
[Sun Apr  6 00:37:34 2025] Inicio de sesión exitoso: Cuenta 8888
[Sun Apr  6 00:40:06 2025] Logger cerrado
[Sun Apr  6 00:41:00 2025] Logger inicializado
[Sun Apr  6 00:41:17 2025] Inicio de sesión exitoso: Cuenta 8888
[Sun Apr  6 00:53:14 2025] Logger inicializado
[Sun Apr  6 00:53:34 2025] Inicio de sesión exitoso: Cuenta 8888
[Sun Apr  6 00:55:40 2025] Inicio de sesión exitoso: Cuenta 7777
[Sun Apr  6 00:56:37 2025] Logger cerrado
[Sun Apr  6 01:24:38 2025] Logger inicializado
[Sun Apr  6 01:24:52 2025] Inicio de sesión exitoso: Cuenta 8888
[Sun Apr  6 01:26:52 2025] Inicio de sesión exitoso: Cuenta 7777
[Sun Apr  6 01:28:52 2025] Logger cerrado
[Sun Apr  6 01:30:32 2025] Logger inicializado
[Sun Apr  6 01:31:45 2025] Logger cerrado
[Sun Apr  6 01:36:03 2025] Logger inicializado
[Sun Apr  6 01:36:23 2025] Inicio de sesión exitoso: Cuenta 8888
[Sun Apr  6 01:38:28 2025] Inicio de sesión exitoso: Cuenta 7777
[Sun Apr  6 01:39:27 2025] Inicio de sesión exitoso: Cuenta 7777
[Sun Apr  6 01:40:07 2025] Logger cerrado
[Sun Apr  6 01:55:43 2025] Logger inicializado
[Sun Apr  6 01:56:30 2025] Logger inicializado
[Sun Apr  6 01:57:00 2025] Inicio de sesión exitoso: Cuenta 8888
[Sun Apr  6 01:58:59 2025] Logger cerrado
[Sun Apr  6 18:17:10 2025] Logger inicializado
[Sun Apr  6 18:17:25 2025] Inicio de sesión exitoso: Cuenta 7777
[Sun Apr  6 18:39:45 2025] Logger inicializado
[Sun Apr  6 19:53:28 2025] Logger inicializado
[Sun Apr  6 19:54:21 2025] Usuario registrado: 1111 - jose
[Sun Apr  6 19:54:52 2025] Usuario registrado: 2222 - luis
[Sun Apr  6 19:55:08 2025] Inicio de sesión exitoso: Cuenta 1111
[Sun Apr  6 19:55:16 2025] Depósito exitoso de 122.00 en cuenta 1111. Nuevo saldo: 20122.00
[Sun Apr  6 19:55:24 2025] Depósito exitoso de 1111.00 en cuenta 1111. Nuevo saldo: 21233.00
[Sun Apr  6 19:55:27 2025] Depósito exitoso de 1111.00 en cuenta 1111. Nuevo saldo: 22344.00
[Sun Apr  6 19:55:31 2025] Depósito exitoso de 1111.00 en cuenta 1111. Nuevo saldo: 23455.00
[Sun Apr  6 19:56:27 2025] Usuario registrado: 8888 - clau
[Sun Apr  6 19:56:59 2025] Usuario registrado: 7777 - pepe
[Sun Apr  6 19:57:10 2025] Inicio de sesión exitoso: Cuenta 7777
[Sun Apr  6 19:57:22 2025] Inicio de sesión exitoso: Cuenta 8888
[Sun Apr  6 20:09:36 2025] Logger inicializado
[Sun Apr  6 20:09:49 2025] Inicio de sesión exitoso: Cuenta 8888
[Sun Apr  6 20:09:53 2025] Depósito exitoso de 1111.00 en cuenta 8888. Nuevo saldo: 8111.00
[Sun Apr  6 20:09:56 2025] Depósito exitoso de 1111.00 en cuenta 8888. Nuevo saldo: 9222.00
[Sun Apr  6 20:10:01 2025] Depósito exitoso de 11111.00 en cuenta 8888. Nuevo saldo: 20333.00
[Sun Apr  6 20:10:05 2025] Depósito exitoso de 1111.00 en cuenta 8888. Nuevo saldo: 21444.00
[Sun Apr  6 20:10:10 2025] Depósito exitoso de 1111.00 en cuenta 8888. Nuevo saldo: 22555.00
[Sun Apr  6 20:10:13 2025] Depósito exitoso de 11111.00 en cuenta 8888. Nuevo saldo: 33666.00
[Sun Apr  6 20:10:18 2025] Depósito exitoso de 111111.00 en cuenta 8888. Nuevo saldo: 144777.00
[Sun Apr  6 20:11:21 2025] Retiro exitoso de 1000.00 en cuenta 8888. Nuevo saldo: 143777.00
[Sun Apr  6 20:11:27 2025] Retiro exitoso de 1000.00 en cuenta 8888. Nuevo saldo: 142777.00
[Sun Apr  6 20:11:32 2025] Retiro exitoso de 10000.00 en cuenta 8888. Nuevo saldo: 132777.00
[Sun Apr  6 20:11:37 2025] Retiro exitoso de 10000.00 en cuenta 8888. Nuevo saldo: 122777.00
[Sun Apr  6 20:11:42 2025] Retiro exitoso de 10000.00 en cuenta 8888. Nuevo saldo: 112777.00
[Sun Apr  6 20:11:47 2025] Retiro exitoso de 10000.00 en cuenta 8888. Nuevo saldo: 102777.00
[Sun Apr  6 20:11:53 2025] Retiro exitoso de 10000.00 en cuenta 8888. Nuevo saldo: 92777.00
[Sun Apr  6 20:12:00 2025] Retiro exitoso de 222.00 en cuenta 8888. Nuevo saldo: 92555.00
[Sun Apr  6 20:12:18 2025] Inicio de sesión exitoso: Cuenta 7777
[Sun Apr  6 20:12:27 2025] Depósito exitoso de 20000.00 en cuenta 7777. Nuevo saldo: 985778.00
[Sun Apr  6 20:12:32 2025] Retiro exitoso de 20000.00 en cuenta 7777. Nuevo saldo: 965778.00
[Sun Apr  6 20:12:37 2025] Retiro exitoso de 20000.00 en cuenta 7777. Nuevo saldo: 945778.00
[Sun Apr  6 20:12:49 2025] Retiro exitoso de 2000.00 en cuenta 7777. Nuevo saldo: 943778.00
[Sun Apr  6 20:13:01 2025] Logger cerrado
[Sun Apr  6 20:18:50 2025] Logger inicializado
[Sun Apr  6 20:19:03 2025] Inicio de sesión exitoso: Cuenta 8888
[Sun Apr  6 20:19:23 2025] Retiro exitoso de 100.00 en cuenta 8888. Nuevo saldo: 92455.00
[Sun Apr  6 20:19:27 2025] Retiro exitoso de 100.00 en cuenta 8888. Nuevo saldo: 92355.00
[Sun Apr  6 20:19:31 2025] Retiro exitoso de 100.00 en cuenta 8888. Nuevo saldo: 92255.00
[Sun Apr  6 20:19:38 2025] Retiro exitoso de 100.00 en cuenta 8888. Nuevo saldo: 92155.00
[Sun Apr  6 20:20:46 2025] Usuario registrado: 3333 - fran
[Sun Apr  6 20:20:52 2025] Inicio de sesión exitoso: Cuenta 3333
[Sun Apr  6 20:21:01 2025] Retiro exitoso de 200.00 en cuenta 3333. Nuevo saldo: 99800.00
[Sun Apr  6 20:21:07 2025] Retiro exitoso de 200.00 en cuenta 3333. Nuevo saldo: 99600.00
[Sun Apr  6 20:21:11 2025] Retiro exitoso de 200.00 en cuenta 3333. Nuevo saldo: 99400.00
[Sun Apr  6 20:21:24 2025] Retiro exitoso de 200.00 en cuenta 3333. Nuevo saldo: 99200.00
[Sun Apr  6 20:22:02 2025] Transferencia exitosa de 1000.00 de cuenta 3333 a cuenta 8888
[Sun Apr  6 20:22:15 2025] Transferencia exitosa de 1000.00 de cuenta 3333 a cuenta 8888
[Sun Apr  6 20:22:21 2025] Transferencia exitosa de 10000.00 de cuenta 3333 a cuenta 8888
[Sun Apr  6 20:22:39 2025] Transferencia exitosa de 10000.00 de cuenta 3333 a cuenta 8888
[Sun Apr  6 20:23:12 2025] Transferencia exitosa de 10000.00 de cuenta 3333 a cuenta 8888
[Sun Apr  6 20:24:07 2025] Transferencia fallida de 300.00 de cuenta 3333 a cuenta 4444: Cuenta destino no encontrada
[Sun Apr  6 21:27:03 2025] Logger inicializado
[Sun Apr  6 21:27:50 2025] Logger cerrado
[Sun Apr  6 21:47:19 2025] Logger inicializado
[Sun Apr  6 21:47:32 2025] Inicio de sesión exitoso: Cuenta 8888
[Sun Apr  6 21:47:54 2025] Retiro fallido de 6000.00 en cuenta 8888: Monto excede el límite de 5000.00
[Sun Apr  6 21:48:31 2025] Retiro exitoso de 1000.00 en cuenta 8888. Nuevo saldo: 123155.00
[Sun Apr  6 21:48:38 2025] Retiro exitoso de 2000.00 en cuenta 8888. Nuevo saldo: 121155.00
[Sun Apr  6 21:48:43 2025] Retiro exitoso de 2000.00 en cuenta 8888. Nuevo saldo: 119155.00
[Sun Apr  6 21:48:48 2025] Retiro exitoso de 2000.00 en cuenta 8888. Nuevo saldo: 117155.00
[Sun Apr  6 21:48:55 2025] Retiro exitoso de 2000.00 en cuenta 8888. Nuevo saldo: 115155.00
[Sun Apr  6 21:49:00 2025] Retiro fallido de 20000.00 en cuenta 8888: Monto excede el límite de 5000.00
[Sun Apr  6 21:49:07 2025] Retiro exitoso de 2000.00 en cuenta 8888. Nuevo saldo: 113155.00
[Sun Apr  6 21:50:26 2025] Retiro fallido de 6000.00 en cuenta 8888: Monto excede el límite de 5000.00
[Sun Apr  6 21:51:18 2025] Inicio de sesión exitoso: Cuenta 3333
[Sun Apr  6 21:51:47 2025] Transferencia exitosa de 20000.00 de cuenta 3333 a cuenta 8888
[Sun Apr  6 21:52:02 2025] Transferencia exitosa de 1000.00 de cuenta 3333 a cuenta 8888
[Sun Apr  6 21:52:11 2025] Transferencia exitosa de 10000.00 de cuenta 3333 a cuenta 8888
[Sun Apr  6 21:52:21 2025] Transferencia exitosa de 10000.00 de cuenta 3333 a cuenta 8888
[Sun Apr  6 21:52:34 2025] Transferencia fallida de 1000.00 de cuenta 3333 a cuenta 88888: Cuenta destino no encontrada
[Sun Apr  6 21:52:47 2025] Transferencia exitosa de 10000.00 de cuenta 3333 a cuenta 8888
[Sun Apr  6 21:52:56 2025] Transferencia exitosa de 10000.00 de cuenta 3333 a cuenta 8888
[Sun Apr  6 21:53:06 2025] Transferencia fallida de 10000.00 de cuenta 3333 a cuenta 8888: Saldo insuficiente (saldo actual: 6200.00)
[Sun Apr  6 21:55:14 2025] Transferencia fallida de 1000.00 de cuenta 3333 a cuenta 8787: Cuenta destino no encontrada
[Sun Apr  6 21:56:14 2025] Saldo de la cuenta 3333: 6200.00
[Sun Apr  6 21:56:32 2025] Saldo de la cuenta 8888: 174155.00
[Sun Apr  6 21:57:54 2025] Transferencia exitosa de 2000.00 de cuenta 8888 a cuenta 3333
[Sun Apr  6 21:58:49 2025] Transferencia exitosa de 152.00 de cuenta 3333 a cuenta 8888
[Sun Apr  6 21:59:31 2025] Saldo de la cuenta 3333: 8048.00
[Sun Apr  6 21:59:35 2025] Saldo de la cuenta 8888: 172307.00
[Sun Apr  6 22:00:28 2025] Inicio de sesión exitoso: Cuenta 1111
[Sun Apr  6 22:00:40 2025] Retiro exitoso de 100.00 en cuenta 1111. Nuevo saldo: 23355.00
[Sun Apr  6 22:00:46 2025] Retiro exitoso de 100.00 en cuenta 1111. Nuevo saldo: 23255.00
[Sun Apr  6 22:00:50 2025] Retiro exitoso de 100.00 en cuenta 1111. Nuevo saldo: 23155.00
[Sun Apr  6 22:00:58 2025] Retiro exitoso de 100.00 en cuenta 1111. Nuevo saldo: 23055.00
[Sun Apr  6 22:01:50 2025] Retiro exitoso de 100.00 en cuenta 1111. Nuevo saldo: 22955.00
[Sun Apr  6 22:03:04 2025] Logger cerrado
[Sun Apr  6 22:45:01 2025] Logger inicializado
[Sun Apr  6 22:45:13 2025] Inicio de sesión exitoso: Cuenta 8888
[Sun Apr  6 22:45:41 2025] Depósito exitoso de 6000.00 en cuenta 8888. Nuevo saldo: 178307.00
[Sun Apr  6 22:46:42 2025] Retiro fallido de 6000.00 en cuenta 8888: Monto excede el límite de 5000.00
[Sun Apr  6 22:47:09 2025] Transferencia fallida de 20000.00 de cuenta 8888 a cuenta 7777: Monto excede el límite de 10000.00
[Sun Apr  6 22:47:35 2025] Retiro exitoso de 2000.00 en cuenta 8888. Nuevo saldo: 176307.00
[Sun Apr  6 22:47:39 2025] Retiro exitoso de 2000.00 en cuenta 8888. Nuevo saldo: 174307.00
[Sun Apr  6 22:47:48 2025] Retiro exitoso de 2000.00 en cuenta 8888. Nuevo saldo: 172307.00
[Sun Apr  6 22:48:20 2025] Retiro exitoso de 2000.00 en cuenta 8888. Nuevo saldo: 170307.00
[Sun Apr  6 22:49:37 2025] Logger cerrado
[Sun Apr  6 22:55:25 2025] Logger inicializado
[Sun Apr  6 22:55:40 2025] Inicio de sesión exitoso: Cuenta 3333
[Sun Apr  6 22:55:54 2025] Depósito exitoso de 600.00 en cuenta 3333. Nuevo saldo: 8648.00
[Sun Apr  6 22:56:04 2025] Retiro fallido de 6000.00 en cuenta 3333: Monto excede el límite de 5000.00
[Sun Apr  6 22:56:22 2025] Retiro exitoso de 1000.00 en cuenta 3333. Nuevo saldo: 7648.00
[Sun Apr  6 22:56:34 2025] Transferencia fallida de 1.00 de cuenta 3333 a cuenta 15000: Cuenta destino no encontrada
[Sun Apr  6 22:56:45 2025] Transferencia fallida de 15000.00 de cuenta 3333 a cuenta 7777: Monto excede el límite de 10000.00
[Sun Apr  6 22:56:59 2025] Transferencia exitosa de 900.00 de cuenta 3333 a cuenta 8888
[Sun Apr  6 22:57:19 2025] Retiro exitoso de 2000.00 en cuenta 3333. Nuevo saldo: 4748.00
[Sun Apr  6 22:57:22 2025] Retiro exitoso de 2000.00 en cuenta 3333. Nuevo saldo: 2748.00
[Sun Apr  6 22:57:28 2025] Retiro exitoso de 2000.00 en cuenta 3333. Nuevo saldo: 748.00
[Sun Apr  6 22:57:43 2025] Retiro fallido de 2000.00 en cuenta 3333: Saldo insuficiente (saldo actual: 748.00)
[Sun Apr  6 22:57:47 2025] Retiro exitoso de 200.00 en cuenta 3333. Nuevo saldo: 548.00
[Sun Apr  6 22:58:06 2025] Logger cerrado
[Sun Apr  6 22:58:59 2025] Logger inicializado
[Sun Apr  6 22:59:03 2025] Logger cerrado
[Sun Apr  6 22:59:13 2025] Logger inicializado
[Sun Apr  6 22:59:22 2025] Inicio de sesión exitoso: Cuenta 8888
[Sun Apr  6 22:59:41 2025] Inicio de sesión exitoso: Cuenta 7777
[Sun Apr  6 22:59:47 2025] Logger cerrado
[Sun Apr  6 23:05:52 2025] Logger inicializado
[Sun Apr  6 23:06:02 2025] Inicio de sesión exitoso: Cuenta 8888
[Sun Apr  6 23:06:29 2025] Inicio de sesión exitoso: Cuenta 2222
[Sun Apr  6 23:06:35 2025] Depósito exitoso de 1000.00 en cuenta 2222. Nuevo saldo: 31000.00
[Sun Apr  6 23:06:39 2025] Retiro exitoso de 2222.00 en cuenta 2222. Nuevo saldo: 28778.00
[Sun Apr  6 23:06:42 2025] Retiro exitoso de 222.00 en cuenta 2222. Nuevo saldo: 28556.00
[Sun Apr  6 23:06:45 2025] Retiro exitoso de 222.00 en cuenta 2222. Nuevo saldo: 28334.00
[Sun Apr  6 23:06:50 2025] Retiro exitoso de 2222.00 en cuenta 2222. Nuevo saldo: 26112.00
[Sun Apr  6 23:06:55 2025] Retiro exitoso de 2222.00 en cuenta 2222. Nuevo saldo: 23890.00
[Sun Apr  6 23:07:14 2025] Logger cerrado
[Sun Apr  6 23:09:13 2025] Logger inicializado
[Sun Apr  6 23:09:26 2025] Inicio de sesión exitoso: Cuenta 8888
[Sun Apr  6 23:10:08 2025] Inicio de sesión exitoso: Cuenta 7777
[Sun Apr  6 23:10:32 2025] Logger cerrado
